<?xml version="1.0" encoding="UTF-8"?>
<!-- Generated by org.testng.reporters.JUnitReportReporter -->
<testsuite hostname="MEGHANA-DT32" failures="0" tests="6" name="testcases.Airbnbtestcases" time="59.142" errors="0" timestamp="2020-12-12T22:34:51 IST" skipped="0">
  <testcase classname="testcases.Airbnbtestcases" name="testcase1" time="8.704"/>
  <system-out/>
  <testcase classname="testcases.Airbnbtestcases" name="testcase2" time="3.964"/>
  <system-out/>
  <testcase classname="testcases.Airbnbtestcases" name="testcase3" time="4.034"/>
  <system-out/>
  <testcase classname="testcases.Airbnbtestcases" name="testcase4" time="18.211"/>
  <system-out/>
  <testcase classname="testcases.Airbnbtestcases" name="testcase5" time="15.225"/>
  <system-out/>
  <testcase classname="testcases.Airbnbtestcases" name="testcase6" time="9.004"/>
  <system-out/>
</testsuite> <!-- testcases.Airbnbtestcases -->
